Arguments: 
  /usr/bin/node /usr/local/bin/yarn install

PATH: 
  /usr/local/sbin:/usr/local/bin:/usr/sbin:/usr/bin:/sbin:/bin:/usr/games:/usr/local/games:/snap/bin

Yarn version: 
  1.19.1

Node version: 
  8.10.0

Platform: 
  linux x64

Trace: 
  SyntaxError: /home/cristi/projects/storyteller/Storyteller2.0/package.json: Unexpected token / in JSON at position 626
      at JSON.parse (<anonymous>)
      at /usr/local/lib/node_modules/yarn/lib/cli.js:1625:59
      at Generator.next (<anonymous>)
      at step (/usr/local/lib/node_modules/yarn/lib/cli.js:304:30)
      at /usr/local/lib/node_modules/yarn/lib/cli.js:315:13
      at <anonymous>

npm manifest: 
  {
    "name": "Storyteller2.0",
    "version": "1.0.0",
    "main": "server.js",
    "repository": "https://github.com/CristiTone/Storyteller2.0.git",
    "author": "Cristi Tone",
    "license": "MIT",
    "scripts": {
      "start": "node server",
      "server": "nodemon server"
    },
    "dependencies": {
      "bcryptjs": "^2.4.3",
      "client": "file:client",
      "config": "^3.2.5",
      "express": "^4.17.1",
      "express-validator": "^6.3.1",
      "gravatar": "^1.8.0",
      "jsonwebtoken": "^8.5.1",
      "mongoose": "^5.8.10",
      "request": "^2.88.0"
    },
    "devDependencies": {
      "concurrently": "^5.1.0",
      "nodemon": "^2.0.2"
    }
  }
  
  // "client": "yarn start --prefix client",
  // "dev": "concurrently \"yarn run server\" \"yarn run client\""

yarn manifest: 
  No manifest

Lockfile: 
  No lockfile
